Arguments: 
  C:\Program Files\nodejs\node.exe C:\Program Files\nodejs\node_modules\yarn\bin\yarn.js add @apollo/client

PATH: 
  C:\Python27\;C:\Python27\Scripts;C:\WINDOWS\system32;C:\WINDOWS;C:\WINDOWS\System32\Wbem;C:\WINDOWS\System32\WindowsPowerShell\v1.0\;C:\WINDOWS\System32\OpenSSH\;C:\Users\diabl\AppData\Roaming\nvm;C:\Program Files\nodejs;C:\Program Files\Git\cmd;C:\Program Files\Git\mingw64\bin;C:\Program Files\Git\usr\bin;C:\Program Files\Amazon\AWSCLI\bin\;C:\Program Files\Docker\Docker\resources\bin;C:\ProgramData\DockerDesktop\version-bin;C:\Program Files\Amazon\AWSCLIV2\;C:\ProgramData\chocolatey\bin;C:\Program Files\OpenJDK\openjdk-8u262-b10\bin;C:\Users\diabl\Downloads\ngrok-stable-windows-amd64;C:\Ruby26-x64\bin;C:\Users\diabl\AppData\Local\Microsoft\WindowsApps;C:\Users\diabl\AppData\Local\Programs\Microsoft VS Code\bin;C:\Program Files\liquibase;C:\Users\diabl\AppData\Local\Android\Sdk\platform-tools

Yarn version: 
  1.22.5

Node version: 
  14.8.0

Platform: 
  win32 x64

Trace: 
  Error: https://registry.yarnpkg.com/@material-ui/icons/-/icons-4.11.2.tgz: ESOCKETTIMEDOUT
      at ClientRequest.<anonymous> (C:\Users\diabl\AppData\Roaming\nvm\v14.8.0\node_modules\yarn\lib\cli.js:141289:19)
      at Object.onceWrapper (events.js:420:28)
      at ClientRequest.emit (events.js:314:20)
      at TLSSocket.emitRequestTimeout (_http_client.js:769:9)
      at Object.onceWrapper (events.js:420:28)
      at TLSSocket.emit (events.js:326:22)
      at TLSSocket.Socket._onTimeout (net.js:483:8)
      at listOnTimeout (internal/timers.js:551:17)
      at processTimers (internal/timers.js:494:7)

npm manifest: 
  {
    "name": "tasks-desk",
    "version": "1.0.0",
    "description": "",
    "main": "main.js",
    "scripts": {
      "watch": "webpack --config webpack.common.js --watch",
      "start": "electron ."
    },
    "keywords": [],
    "author": "",
    "license": "ISC",
    "dependencies": {
      "@fightmegg/riot-api": "0.0.6",
      "@material-ui/core": "^4.11.1",
      "@material-ui/icons": "^4.11.2",
      "@material-ui/lab": "^4.0.0-alpha.57",
      "electron": "^11.0.3",
      "moment": "^2.29.1",
      "react": "^17.0.1",
      "react-dom": "^17.0.1",
      "react-router-dom": "^5.2.0",
      "styled-components": "^5.2.1"
    },
    "devDependencies": {
      "@babel/core": "^7.12.9",
      "@babel/preset-env": "^7.12.7",
      "@babel/preset-react": "^7.12.7",
      "babel-loader": "^8.2.2",
      "css-loader": "^5.0.1",
      "electron-reload": "^1.5.0",
      "file-loader": "^6.2.0",
      "sass": "^1.29.0",
      "sass-loader": "^10.1.0",
      "style-loader": "^2.0.0",
      "webpack": "^5.9.0",
      "webpack-cli": "^4.2.0"
    }
  }

yarn manifest: 
  No manifest

Lockfile: 
  No lockfile
